<?xml version="1.0" encoding="UTF-8"?>
<!-- Generated by org.testng.reporters.JUnitXMLReporter -->
<testsuite hostname="LAPTOP-6F5IMLR2" ignored="0" name="Test1" tests="10" failures="1" timestamp="15 Aug 2022 11:25:34 GMT" time="0.063" errors="0">
  <testcase name="tc01" time="0.0" classname="org.login.Testing"/>
  <testcase name="tc02" time="0.015" classname="org.login.Testing">
    <skipped/>
  </testcase> <!-- tc02 -->
  <testcase name="tc02" time="0.0" classname="org.login.Testing">
    <skipped/>
  </testcase> <!-- tc02 -->
  <testcase name="tc02" time="0.0" classname="org.login.Testing">
    <skipped/>
  </testcase> <!-- tc02 -->
  <testcase name="tc02" time="0.0" classname="org.login.Testing">
    <skipped/>
  </testcase> <!-- tc02 -->
  <testcase name="tc02" time="0.016" classname="org.login.Testing">
    <failure type="java.lang.AssertionError" message="expected [true] but found [false]">
      <![CDATA[java.lang.AssertionError: expected [true] but found [false]
at org.login.Testing.tc02(Testing.java:52)
... Removed 29 stack frames]]>
    </failure>
  </testcase> <!-- tc02 -->
  <testcase name="tc03" time="0.0" classname="org.login.Testing"/>
  <testcase name="tc04" time="0.0" classname="org.login.Testing"/>
  <testcase name="tc05" time="0.0" classname="org.login.Testing"/>
  <testcase name="tc06" time="0.0" classname="org.login.Testing"/>
</testsuite> <!-- Test1 -->
